<?xml version="1.0" encoding="UTF-8"?>
<!-- Generated by org.testng.reporters.JUnitXMLReporter -->
<testsuite ignored="0" hostname="Ajay" failures="0" tests="4" name="Test Class" time="7.855" errors="0" timestamp="25 Apr 2024 06:22:17 GMT">
  <testcase classname="testNG.TestAnotationExp" name="verifyHomepageTitle" time="7.826"/>
  <testcase classname="testNG.PriorityTestNG" name="cloginTest" time="0.002"/>
  <testcase classname="testNG.PriorityTestNG" name="bregisterTest" time="0.005"/>
  <testcase classname="testNG.PriorityTestNG" name="alogoutTest" time="0.001"/>
</testsuite> <!-- Test Class -->
