<?xml version="1.0" encoding="UTF-8"?>
<!-- Generated by org.testng.reporters.JUnitXMLReporter -->
<testsuite ignored="4" hostname="Ajay" failures="0" tests="6" name="Tests Case " time="0.042" errors="0" timestamp="25 Apr 2024 15:37:33 GMT">
  <testcase classname="testNG.GroupingTestNG" name="buyCar" time="0.009"/>
  <testcase classname="testNG.GroupingTestNG" name="crashCar" time="0.002"/>
  <testcase classname="testNG.GroupingTestNG" name="driftBike" time="0.003"/>
  <testcase classname="testNG.GroupingTestNG" name="driftCar" time="0.001"/>
  <testcase classname="testNG.GroupingTestNG" name="driveBike" time="0.001"/>
  <testcase classname="testNG.GroupingTestNG" name="driveCar" time="0.001"/>
  <testcase classname="testNG.GroupingTestNG" name="driveCycle" time="0.0">
    <ignored/>
  </testcase> <!-- driveCycle -->
  <testcase classname="testNG.GroupingTestNG" name="makeLift" time="0.0">
    <ignored/>
  </testcase> <!-- makeLift -->
  <testcase classname="testNG.GroupingTestNG" name="crashCycle" time="0.0">
    <ignored/>
  </testcase> <!-- crashCycle -->
  <testcase classname="testNG.GroupingTestNG" name="buyBike" time="0.0">
    <ignored/>
  </testcase> <!-- buyBike -->
</testsuite> <!-- Tests Case  -->
