<?xml version="1.0" encoding="UTF-8"?>
<testng-results ignored="0" total="2" passed="2" failed="0" skipped="0">
  <reporter-output>
  </reporter-output>
  <suite started-at="2024-05-27T21:02:09 IST" name="Default suite" finished-at="2024-05-27T21:02:26 IST" duration-ms="16778">
    <groups>
    </groups>
    <test started-at="2024-05-27T21:02:09 IST" name="Default test" finished-at="2024-05-27T21:02:26 IST" duration-ms="16778">
      <class name="testNG.CalenderwithDependency">
        <test-method signature="loginDemoQAPlatform()[pri:0, instance:testNG.CalenderwithDependency@34f7cfd9]" started-at="2024-05-27T21:02:09 IST" name="loginDemoQAPlatform" finished-at="2024-05-27T21:02:23 IST" duration-ms="14207" status="PASS">
          <reporter-output>
          </reporter-output>
        </test-method> <!-- loginDemoQAPlatform -->
        <test-method signature="selectCalenderinsideTable()[pri:0, instance:testNG.CalenderwithDependency@34f7cfd9]" started-at="2024-05-27T21:02:23 IST" name="selectCalenderinsideTable" finished-at="2024-05-27T21:02:26 IST" depends-on-methods="testNG.CalenderwithDependency.loginDemoQAPlatform" duration-ms="2527" status="PASS">
          <reporter-output>
          </reporter-output>
        </test-method> <!-- selectCalenderinsideTable -->
      </class> <!-- testNG.CalenderwithDependency -->
    </test> <!-- Default test -->
  </suite> <!-- Default suite -->
</testng-results>
